<?xml version="1.0" encoding="UTF-8"?>
<testsuites name="Student Record API - Automated Tests" tests="5" time="0.000">
  <testsuite name="Create Student" id="d5ae01c0-7dcf-4935-95e9-f45ab6670224" timestamp="2025-11-27T05:26:12.030Z" tests="2" failures="2" errors="2" time="0.000">
    <system-err><![CDATA[Iteration: 0
RequestError: Error: connect ECONNREFUSED 127.0.0.1:3001
    at TCPConnectWrap.afterConnect [as oncomplete] (node:net:1595:16)

---
testScriptError: "undefined" is not valid JSON
---
]]></system-err>
    <testcase name="Status code is 201 or 200" time="0.000" classname="CreateStudent">
      <failure type="AssertionFailure" message="expected false to be true">
        <![CDATA[Failed 1 times.]]>
        <![CDATA[Collection JSON ID: 7912a069-9e8a-4d17-93fd-bdc5b0d133a4.]]>
        <![CDATA[Collection name: Student Record API - Automated Tests.]]>
        <![CDATA[Request name: Create Student.]]>
        <![CDATA[Test description: Status code is 201 or 200.]]>
        <![CDATA[Error message: expected false to be true.]]>
        <![CDATA[Stacktrace: AssertionError: expected false to be true
   at Object.eval sandbox-script.js:1:1).]]>
      </failure>
    </testcase>
    <testcase name="Response has _id and name" time="0.000" classname="CreateStudent">
      <failure type="AssertionFailure" message="&quot;undefined&quot; is not valid JSON">
        <![CDATA[Failed 1 times.]]>
        <![CDATA[Collection JSON ID: 7912a069-9e8a-4d17-93fd-bdc5b0d133a4.]]>
        <![CDATA[Collection name: Student Record API - Automated Tests.]]>
        <![CDATA[Request name: Create Student.]]>
        <![CDATA[Test description: Response has _id and name.]]>
        <![CDATA[Error message: "undefined" is not valid JSON.]]>
        <![CDATA[Stacktrace: JSONError: "undefined" is not valid JSON
   at Object.eval sandbox-script.js:2:1).]]>
      </failure>
    </testcase>
  </testsuite>
  <testsuite name="Get All Students" id="ff90e935-4cf5-4cc6-8d90-2d3cf32c7a3e" timestamp="2025-11-27T05:26:12.030Z" tests="2" failures="2" errors="1" time="0.000">
    <system-err><![CDATA[Iteration: 0
RequestError: Error: getaddrinfo ENOTFOUND http
    at GetAddrInfoReqWrap.onlookupall [as oncomplete] (node:dns:118:26)

---
]]></system-err>
    <testcase name="Status code is 200" time="0.000" classname="GetAllStudents">
      <failure type="AssertionFailure" message="expected PostmanResponse{ …(5) } to have property 'code'">
        <![CDATA[Failed 1 times.]]>
        <![CDATA[Collection JSON ID: 7912a069-9e8a-4d17-93fd-bdc5b0d133a4.]]>
        <![CDATA[Collection name: Student Record API - Automated Tests.]]>
        <![CDATA[Request name: Get All Students.]]>
        <![CDATA[Test description: Status code is 200.]]>
        <![CDATA[Error message: expected PostmanResponse{ …(5) } to have property 'code'.]]>
        <![CDATA[Stacktrace: AssertionError: expected PostmanResponse{ …(5) } to have property 'code'
   at Object.eval sandbox-script.js:1:2).]]>
      </failure>
    </testcase>
    <testcase name="Response is an array" time="0.000" classname="GetAllStudents">
      <failure type="AssertionFailure" message="&quot;undefined&quot; is not valid JSON">
        <![CDATA[Failed 1 times.]]>
        <![CDATA[Collection JSON ID: 7912a069-9e8a-4d17-93fd-bdc5b0d133a4.]]>
        <![CDATA[Collection name: Student Record API - Automated Tests.]]>
        <![CDATA[Request name: Get All Students.]]>
        <![CDATA[Test description: Response is an array.]]>
        <![CDATA[Error message: "undefined" is not valid JSON.]]>
        <![CDATA[Stacktrace: JSONError: "undefined" is not valid JSON
   at Object.eval sandbox-script.js:2:2).]]>
      </failure>
    </testcase>
  </testsuite>
  <testsuite name="Get One Student" id="388f7c4d-ff90-4cb9-87e8-a90bcf582dd7" timestamp="2025-11-27T05:26:12.030Z" tests="2" failures="2" errors="1" time="0.000">
    <system-err><![CDATA[Iteration: 0
RequestError: Error: getaddrinfo ENOTFOUND http
    at GetAddrInfoReqWrap.onlookupall [as oncomplete] (node:dns:118:26)

---
]]></system-err>
    <testcase name="Status code is 200" time="0.000" classname="GetOneStudent">
      <failure type="AssertionFailure" message="expected PostmanResponse{ …(5) } to have property 'code'">
        <![CDATA[Failed 1 times.]]>
        <![CDATA[Collection JSON ID: 7912a069-9e8a-4d17-93fd-bdc5b0d133a4.]]>
        <![CDATA[Collection name: Student Record API - Automated Tests.]]>
        <![CDATA[Request name: Get One Student.]]>
        <![CDATA[Test description: Status code is 200.]]>
        <![CDATA[Error message: expected PostmanResponse{ …(5) } to have property 'code'.]]>
        <![CDATA[Stacktrace: AssertionError: expected PostmanResponse{ …(5) } to have property 'code'
   at Object.eval sandbox-script.js:1:3).]]>
      </failure>
    </testcase>
    <testcase name="Returns same studentId" time="0.000" classname="GetOneStudent">
      <failure type="AssertionFailure" message="&quot;undefined&quot; is not valid JSON">
        <![CDATA[Failed 1 times.]]>
        <![CDATA[Collection JSON ID: 7912a069-9e8a-4d17-93fd-bdc5b0d133a4.]]>
        <![CDATA[Collection name: Student Record API - Automated Tests.]]>
        <![CDATA[Request name: Get One Student.]]>
        <![CDATA[Test description: Returns same studentId.]]>
        <![CDATA[Error message: "undefined" is not valid JSON.]]>
        <![CDATA[Stacktrace: JSONError: "undefined" is not valid JSON
   at Object.eval sandbox-script.js:2:3).]]>
      </failure>
    </testcase>
  </testsuite>
  <testsuite name="Update Student" id="ecff99d3-cee7-46bc-9a75-3771b4eef21c" timestamp="2025-11-27T05:26:12.030Z" tests="2" failures="2" errors="1" time="0.000">
    <system-err><![CDATA[Iteration: 0
RequestError: Error: getaddrinfo ENOTFOUND http
    at GetAddrInfoReqWrap.onlookupall [as oncomplete] (node:dns:118:26)

---
]]></system-err>
    <testcase name="Status code is 200" time="0.000" classname="UpdateStudent">
      <failure type="AssertionFailure" message="expected PostmanResponse{ …(5) } to have property 'code'">
        <![CDATA[Failed 1 times.]]>
        <![CDATA[Collection JSON ID: 7912a069-9e8a-4d17-93fd-bdc5b0d133a4.]]>
        <![CDATA[Collection name: Student Record API - Automated Tests.]]>
        <![CDATA[Request name: Update Student.]]>
        <![CDATA[Test description: Status code is 200.]]>
        <![CDATA[Error message: expected PostmanResponse{ …(5) } to have property 'code'.]]>
        <![CDATA[Stacktrace: AssertionError: expected PostmanResponse{ …(5) } to have property 'code'
   at Object.eval sandbox-script.js:1:4).]]>
      </failure>
    </testcase>
    <testcase name="Branch updated to ECE" time="0.000" classname="UpdateStudent">
      <failure type="AssertionFailure" message="&quot;undefined&quot; is not valid JSON">
        <![CDATA[Failed 1 times.]]>
        <![CDATA[Collection JSON ID: 7912a069-9e8a-4d17-93fd-bdc5b0d133a4.]]>
        <![CDATA[Collection name: Student Record API - Automated Tests.]]>
        <![CDATA[Request name: Update Student.]]>
        <![CDATA[Test description: Branch updated to ECE.]]>
        <![CDATA[Error message: "undefined" is not valid JSON.]]>
        <![CDATA[Stacktrace: JSONError: "undefined" is not valid JSON
   at Object.eval sandbox-script.js:2:4).]]>
      </failure>
    </testcase>
  </testsuite>
  <testsuite name="Delete Student" id="d865ff04-ba14-4941-a844-61ac4a90e495" timestamp="2025-11-27T05:26:12.030Z" tests="1" failures="1" errors="1" time="0.000">
    <system-err><![CDATA[Iteration: 0
RequestError: Error: getaddrinfo ENOTFOUND http
    at GetAddrInfoReqWrap.onlookupall [as oncomplete] (node:dns:118:26)

---
]]></system-err>
    <testcase name="Status code is 200 or 204" time="0.000" classname="DeleteStudent">
      <failure type="AssertionFailure" message="expected [ 200, 204 ] to include undefined">
        <![CDATA[Failed 1 times.]]>
        <![CDATA[Collection JSON ID: 7912a069-9e8a-4d17-93fd-bdc5b0d133a4.]]>
        <![CDATA[Collection name: Student Record API - Automated Tests.]]>
        <![CDATA[Request name: Delete Student.]]>
        <![CDATA[Test description: Status code is 200 or 204.]]>
        <![CDATA[Error message: expected [ 200, 204 ] to include undefined.]]>
        <![CDATA[Stacktrace: AssertionError: expected [ 200, 204 ] to include undefined
   at Object.eval sandbox-script.js:1:5).]]>
      </failure>
    </testcase>
  </testsuite>
</testsuites>